<?xml version="1.0" encoding="UTF-8"?>
<!-- Generated by org.testng.reporters.JUnitReportReporter -->
<testsuite hostname="DESKTOP-SJ7E9CF" failures="0" tests="3" name="com.testcases.BuyItemTest" time="83.708" errors="2" timestamp="2021-12-12T15:39:35 IST" skipped="0">
  <testcase classname="com.testcases.BuyItemTest" name="validateBuyItem" time="26.068"/>
  <system-out/>
  <testcase classname="com.testcases.BuyItemTest" name="Assert_addItem_Confirm" time="31.857">
  </testcase> <!-- Assert_addItem_Confirm -->
  <system-out/>
  <testcase classname="com.testcases.BuyItemTest" name="Assert_myBasket_Confirm" time="25.783">
  </testcase> <!-- Assert_myBasket_Confirm -->
  <system-out/>
</testsuite> <!-- com.testcases.BuyItemTest -->
