<?xml version="1.0" encoding="UTF-8"?>
<!-- Generated by org.testng.reporters.JUnitReportReporter -->
<testsuite hostname="DESKTOP-SJ7E9CF" failures="0" tests="1" name="com.testcases.viewOfferTest" time="31.003" errors="1" timestamp="2021-12-12T15:39:35 IST" skipped="0">
  <testcase classname="com.testcases.viewOfferTest" name="Assert_Order_Confirm" time="31.003">
  </testcase> <!-- Assert_Order_Confirm -->
  <system-out/>
</testsuite> <!-- com.testcases.viewOfferTest -->
