<?xml version="1.0" encoding="UTF-8"?>
<!-- Generated by org.testng.reporters.JUnitReportReporter -->
<testsuite hostname="DESKTOP-SJ7E9CF" failures="0" tests="5" name="com.testcases.dealsOfWeekTest" time="122.513" errors="5" timestamp="2021-12-12T15:39:35 IST" skipped="0">
  <testcase classname="com.testcases.dealsOfWeekTest" name="Assert_priceHl_Confirm" time="22.236">
  </testcase> <!-- Assert_priceHl_Confirm -->
  <system-out/>
  <testcase classname="com.testcases.dealsOfWeekTest" name="Assert_alphabetically_Confirm" time="26.162">
  </testcase> <!-- Assert_alphabetically_Confirm -->
  <system-out/>
  <testcase classname="com.testcases.dealsOfWeekTest" name="Assert_RupeeHL_Confirm" time="24.267">
  </testcase> <!-- Assert_RupeeHL_Confirm -->
  <system-out/>
  <testcase classname="com.testcases.dealsOfWeekTest" name="Assert_priceLh_Confirm" time="27.600">
  </testcase> <!-- Assert_priceLh_Confirm -->
  <system-out/>
  <testcase classname="com.testcases.dealsOfWeekTest" name="Assert_popularity_Confirm" time="22.248">
  </testcase> <!-- Assert_popularity_Confirm -->
  <system-out/>
</testsuite> <!-- com.testcases.dealsOfWeekTest -->
