<?xml version="1.0" encoding="UTF-8"?>
<!-- Generated by org.testng.reporters.JUnitReportReporter -->
<testsuite hostname="DESKTOP-SJ7E9CF" failures="0" tests="2" name="com.testcases.loginpageTest" time="125.776" errors="0" timestamp="2021-12-12T15:39:35 IST" skipped="0">
  <testcase classname="com.testcases.loginpageTest" name="loginTest" time="53.975"/>
  <system-out/>
  <testcase classname="com.testcases.loginpageTest" name="titleTest" time="71.801"/>
  <system-out/>
</testsuite> <!-- com.testcases.loginpageTest -->
