<?xml version="1.0" encoding="UTF-8"?>
<!-- Generated by org.testng.reporters.JUnitReportReporter -->
<testsuite hostname="DESKTOP-SJ7E9CF" failures="0" tests="3" name="com.testcases.searchTest" time="67.245" errors="3" timestamp="2021-12-12T15:39:35 IST" skipped="0">
  <testcase classname="com.testcases.searchTest" name="Assert_Fruits_Confirm" time="22.116">
  </testcase> <!-- Assert_Fruits_Confirm -->
  <system-out/>
  <testcase classname="com.testcases.searchTest" name="Assert_Oil_Confirma" time="21.855">
  </testcase> <!-- Assert_Oil_Confirma -->
  <system-out/>
  <testcase classname="com.testcases.searchTest" name="Assert_Vegetables_Confirm" time="23.274">
  </testcase> <!-- Assert_Vegetables_Confirm -->
  <system-out/>
</testsuite> <!-- com.testcases.searchTest -->
