<?xml version="1.0" encoding="UTF-8"?>
<!-- Generated by org.testng.reporters.JUnitReportReporter -->
<testsuite hostname="DESKTOP-SJ7E9CF" failures="0" tests="1" name="com.testcases.changeLocationTest" time="25.438" errors="1" timestamp="2021-12-12T15:39:35 IST" skipped="0">
  <testcase classname="com.testcases.changeLocationTest" name="Assert_Location_Confirm" time="25.438">
  </testcase> <!-- Assert_Location_Confirm -->
  <system-out/>
</testsuite> <!-- com.testcases.changeLocationTest -->
